build/app/outputs/mapping/release/mapping.txt
# compiler: R8
# compiler_version: 2.1.62
# min_api: 18
# pg_map_id: a2b1819
# common_typos_disable
...
androidx.multidex.MultiDex$V19 -> androidx.multidex.a$b:
    void install(java.lang.ClassLoader,java.util.List,java.io.File) -> a
    java.lang.Object[] makeDexElements(java.lang.Object,java.util.ArrayList,java.io.File,java.util.ArrayList) -> b
androidx.multidex.MultiDex$V4 -> androidx.multidex.a$c:
    void install(java.lang.ClassLoader,java.util.List) -> a
androidx.multidex.MultiDexExtractor -> androidx.multidex.b:
    java.io.File sourceApk -> a
    java.io.File dexDir -> c
    java.io.RandomAccessFile lockRaf -> d
    long sourceCrc -> b
    java.nio.channels.FileChannel lockChannel -> e
    java.nio.channels.FileLock cacheLock -> f
    void clearDexDir() -> a
    void closeQuietly(java.io.Closeable) -> b
    void extract(java.util.zip.ZipFile,java.util.zip.ZipEntry,java.io.File,java.lang.String) -> c
    android.content.SharedPreferences getMultiDexPreferences(android.content.Context) -> d
    long getTimeStamp(java.io.File) -> e
    long getZipCrc(java.io.File) -> f
    boolean isModified(android.content.Context,java.io.File,long,java.lang.String) -> g
    java.util.List load(android.content.Context,java.lang.String,boolean) -> h
    java.util.List loadExistingExtractions(android.content.Context,java.lang.String) -> i
    java.util.List performExtractions() -> j
    void putStoredApkInfo(android.content.Context,java.lang.String,long,long,java.util.List) -> k
androidx.multidex.MultiDexExtractor$1 -> androidx.multidex.b$a:
androidx.multidex.MultiDexExtractor$ExtractedDex -> androidx.multidex.b$b:
    long crc -> a
androidx.multidex.ZipUtil -> androidx.multidex.c:
    long computeCrcOfCentralDir(java.io.RandomAccessFile,androidx.multidex.ZipUtil$CentralDirectory) -> a
    androidx.multidex.ZipUtil$CentralDirectory findCentralDirectory(java.io.RandomAccessFile) -> b
    long getZipCrc(java.io.File) -> c
androidx.multidex.ZipUtil$CentralDirectory -> androidx.multidex.c$a:
    long size -> b
    long offset -> a
androidx.savedstate.Recreator -> androidx.savedstate.Recreator:
    androidx.savedstate.SavedStateRegistryOwner mOwner -> a
    void onStateChanged(androidx.lifecycle.LifecycleOwner,androidx.lifecycle.Lifecycle$Event) -> g
androidx.savedstate.SavedStateRegistry -> androidx.savedstate.a:
    boolean mAllowingSavingState -> a
    android.os.Bundle consumeRestoredStateForKey(java.lang.String) -> a
androidx.savedstate.SavedStateRegistry$1 -> androidx.savedstate.SavedStateRegistry$1:
    androidx.savedstate.SavedStateRegistry this$0 -> a
    void onStateChanged(androidx.lifecycle.LifecycleOwner,androidx.lifecycle.Lifecycle$Event) -> g
androidx.savedstate.SavedStateRegistryOwner -> androidx.savedstate.b:
    androidx.savedstate.SavedStateRegistry getSavedStateRegistry() -> j
androidx.tracing.Trace -> a.e.a:
    void beginSection(java.lang.String) -> a
    void endSection() -> b
androidx.tracing.TraceApi18Impl -> a.e.b:
    void beginSection(java.lang.String) -> a
    void endSection() -> b
androidx.versionedparcelable.ParcelImpl -> androidx.versionedparcelable.ParcelImpl:
    androidx.versionedparcelable.VersionedParcelable mParcel -> a
androidx.versionedparcelable.ParcelImpl$1 -> androidx.versionedparcelable.ParcelImpl$a:
    androidx.versionedparcelable.ParcelImpl createFromParcel(android.os.Parcel) -> a
    androidx.versionedparcelable.ParcelImpl[] newArray(int) -> b