build/app/outputs/mapping/release/usage.txt
com.juragan99trans.R$attr
com.juragan99trans.R$style
com.juragan99trans.R$dimen
com.juragan99trans.R$string
com.juragan99trans.R$drawable
com.juragan99trans.R$id
com.juragan99trans.R$integer
com.juragan99trans.R$mipmap
com.juragan99trans.R$xml
com.juragan99trans.R$layout
com.juragan99trans.R$styleable
com.juragan99trans.R$color
com.juragan99trans.BuildConfig
com.juragan99trans.R
...
kotlin.collections.DoubleIterator
androidx.annotation.RestrictTo
com.google.common.collect.MapMakerInternalMap$ValueIterator
com.google.common.util.concurrent.ForwardingListenableFuture$SimpleForwardingListenableFuture
kotlin.time.DurationKt
javax.annotation.RegEx
com.google.common.collect.RegularImmutableMultiset$1
kotlin.text.UStringsKt
kotlin.jvm.internal.DefaultConstructorMarker:
    private void <init>()
com.google.common.graph.PredecessorsFunction
com.google.common.cache.CacheLoader$SupplierToCacheLoader
com.google.common.reflect.TypeToken$SimpleTypeToken
com.google.common.reflect.TypeToken$TypeFilter$1
io.flutter.plugin.common.EventChannel$IncomingStreamRequestHandler
com.google.common.collect.Sets$SubSet
com.google.common.hash.HashFunction
kotlin.jvm.internal.FloatSpreadBuilder
kotlin.coroutines.experimental.CoroutineContext$Key
androidx.loader.content.Loader$ForceLoadContentObserver
android.support.v4.os.IResultReceiver$Stub$Proxy
kotlin.jvm.internal.PackageReference
kotlin.TypeAliasesKt
kotlin.reflect.KProperty$Accessor
com.google.common.collect.FilteredEntryMultimap$AsMap$1EntrySetImpl$1
kotlin.coroutines.experimental.intrinsics.IntrinsicsKt
androidx.core.app.NotificationCompat$BubbleMetadata$Builder
com.google.common.collect.StandardTable$ColumnMap$ColumnMapEntrySet$1
kotlin.reflect.KMutableProperty0$Setter
com.google.common.collect.Collections2$PermutationIterator
com.google.common.util.concurrent.UncaughtExceptionHandlers$Exiter
com.google.common.collect.StandardTable
com.google.common.collect.Maps$5
kotlin.coroutines.AbstractCoroutineContextElement
com.google.common.hash.Striped64$Cell
io.github.ponnamkarthik.toast.fluttertoast.R$color
com.google.common.collect.StandardTable$Row$2
com.google.common.primitives.Shorts
androidx.core.graphics.PathParser$PathDataNode
com.google.common.collect.ConcurrentHashMultiset
androidx.core.view.ViewCompat$OnUnhandledKeyEventListenerCompat
com.google.common.collect.ImmutableEnumSet$1
com.google.common.cache.LocalCache$ValueIterator
kotlin.collections.MapWithDefault
androidx.customview.R
com.google.common.collect.Cut$AboveValue
com.google.common.graph.ConfigurableValueGraph
com.google.common.hash.BloomFilter$1
com.google.common.primitives.Doubles$DoubleConverter
com.google.errorprone.annotations.DoNotCall
com.google.common.util.concurrent.AbstractScheduledService$ServiceDelegate$Task
androidx.core.app.NotificationCompat$Action$SemanticAction
com.google.common.graph.DirectedNetworkConnections
com.google.common.collect.Maps$TransformedEntriesMap
com.google.common.collect.SortedLists$KeyPresentBehavior$2
com.google.common.graph.EndpointPair$1
com.google.common.base.CaseFormat$3
com.google.common.collect.Multimaps$TransformedEntriesListMultimap
androidx.annotation.RawRes
kotlin.ranges.CharRange$Companion
io.flutter.plugins.urllauncher.R$layout
io.flutter.plugins.pathprovider.R$color
androidx.fragment.R$dimen
androidx.annotation.VisibleForTesting
com.google.common.io.CharSource$EmptyCharSource
kotlin.Unit
io.flutter.plugins.flutter_plugin_android_lifecycle.R$layout
androidx.core.util.Consumer
androidx.lifecycle.Lifecycling:
    static androidx.lifecycle.GenericLifecycleObserver getCallback(java.lang.Object)
    private void <init>()
    private static final int REFLECTIVE_CALLBACK
    private static final int GENERATED_CALLBACK
com.google.common.util.concurrent.SimpleTimeLimiter
com.google.common.collect.FilteredEntryMultimap$AsMap
com.google.common.collect.ImmutableSortedSet$SerializedForm
com.google.common.io.ByteStreams$ByteArrayDataOutputStream
androidx.core.view.inputmethod.InputContentInfoCompat
androidx.core.app.NotificationCompat$BigPictureStyle
com.google.common.graph.Traverser$TreeTraverser$DepthFirstPostOrderIterator
com.google.common.util.concurrent.ListeningExecutorService
androidx.core.content.pm.ShortcutInfoCompatSaver$NoopImpl
kotlin.contracts.ConditionalEffect
com.google.common.collect.UsingToStringOrdering
com.google.common.cache.LocalCache$LocalManualCache$1